# JRE version: Java(TM) SE Runtime Environment (11.0.6+8) (build 11.0.6+8-LTS)
# Java VM: Java HotSpot(TM) 64-Bit Server VM (11.0.6+8-LTS, mixed mode, tiered, compressed oops, g1 gc, windows-amd64)
Heap:
 garbage-first heap   total 131072K, used 28459K [0x0000000081c00000, 0x0000000100000000)
  region size 1024K, 26 young (26624K), 2 survivors (2048K)
 Metaspace       used 19536K, capacity 19831K, committed 19968K, reserved 1067008K
  class space    used 2116K, capacity 2229K, committed 2304K, reserved 1048576K
GC Heap History (6 events):
Event: 1.116 GC heap before
{Heap before GC invocations=0 (full 0):
 garbage-first heap   total 131072K, used 13312K [0x0000000081c00000, 0x0000000100000000)
  region size 1024K, 14 young (14336K), 0 survivors (0K)
 Metaspace       used 11472K, capacity 11685K, committed 12032K, reserved 1060864K
  class space    used 1087K, capacity 1173K, committed 1280K, reserved 1048576K
}
Event: 1.120 GC heap after
{Heap after GC invocations=1 (full 0):
 garbage-first heap   total 131072K, used 3677K [0x0000000081c00000, 0x0000000100000000)
  region size 1024K, 2 young (2048K), 2 survivors (2048K)
 Metaspace       used 11472K, capacity 11685K, committed 12032K, reserved 1060864K
  class space    used 1087K, capacity 1173K, committed 1280K, reserved 1048576K
}
Event: 1.316 GC heap before
{Heap before GC invocations=1 (full 0):
 garbage-first heap   total 131072K, used 10845K [0x0000000081c00000, 0x0000000100000000)
  region size 1024K, 9 young (9216K), 2 survivors (2048K)
 Metaspace       used 13525K, capacity 13777K, committed 14080K, reserved 1062912K
  class space    used 1360K, capacity 1465K, committed 1536K, reserved 1048576K
}
Event: 1.319 GC heap after
{Heap after GC invocations=2 (full 0):
 garbage-first heap   total 131072K, used 4027K [0x0000000081c00000, 0x0000000100000000)
  region size 1024K, 1 young (1024K), 1 survivors (1024K)
 Metaspace       used 13525K, capacity 13777K, committed 14080K, reserved 1062912K
  class space    used 1360K, capacity 1465K, committed 1536K, reserved 1048576K
}
Event: 1.663 GC heap before
{Heap before GC invocations=2 (full 0):
 garbage-first heap   total 131072K, used 28603K [0x0000000081c00000, 0x0000000100000000)
  region size 1024K, 26 young (26624K), 1 survivors (1024K)
 Metaspace       used 15850K, capacity 16093K, committed 16384K, reserved 1064960K
  class space    used 1633K, capacity 1698K, committed 1792K, reserved 1048576K
}
Event: 1.664 GC heap after
{Heap after GC invocations=3 (full 0):
 garbage-first heap   total 131072K, used 4907K [0x0000000081c00000, 0x0000000100000000)
  region size 1024K, 2 young (2048K), 2 survivors (2048K)
 Metaspace       used 15850K, capacity 16093K, committed 16384K, reserved 1064960K
  class space    used 1633K, capacity 1698K, committed 1792K, reserved 1048576K
}

